level info: Jul-16-2024 17:07:12 	Tasks fetched successfully (API: View All Tasks)
level info: Jul-16-2024 17:07:24 	Tasks fetched successfully (API: View All Tasks)
level error: Jul-16-2024 17:07:36 	Task not found (API: View Task)
level info: Jul-16-2024 17:07:57 	Tasks fetched successfully (API: View All Tasks)
level info: Jul-16-2024 17:08:04 	Task fetched successfully (API: View Task)
level info: Jul-28-2024 00:51:22 	Task added successfully (API: Create Task)
level info: Jul-29-2024 01:22:49 	Task added successfully (API: Create Task)
level error: Jul-29-2024 01:22:59 	No tasks found for today (API: View Today Tasks Only)
level error: Jul-29-2024 01:23:28 	No tasks found for today (API: View Today Tasks Only)
level error: Jul-29-2024 01:26:33 	API: View Today Tasks Only
level error: Jul-29-2024 01:26:33 	Error: Cannot access 'startOfDay' before initialization
level info: Jul-29-2024 01:26:55 	Today's tasks fetched successfully (API: View Today Tasks Only)
level info: Jul-29-2024 01:27:25 	Today's tasks fetched successfully (API: View Today Tasks Only)
level info: Jul-29-2024 01:36:01 	Tasks fetched successfully for the given dates (API: View Tasks by Custom Dates)
level info: Jul-29-2024 01:37:00 	Tasks fetched successfully for the given dates (API: View Tasks by Custom Dates)
level info: Jul-29-2024 01:37:16 	Tasks fetched successfully for the given dates (API: View Tasks by Custom Dates)
level info: Jul-29-2024 01:39:38 	Tasks fetched successfully for the given dates (API: View Tasks by Custom Dates)
level info: Jul-29-2024 01:43:24 	Tasks fetched successfully for the given dates (API: View Tasks by Custom Dates)
level info: Jul-29-2024 01:43:53 	Tasks fetched successfully for the given dates (API: View Tasks by Custom Dates)
level info: Jul-29-2024 01:44:14 	Tasks fetched successfully for the given dates (API: View Tasks by Custom Dates)
level info: Jul-29-2024 01:44:34 	Tasks fetched successfully for the given dates (API: View Tasks by Custom Dates)
level error: Jul-29-2024 01:45:58 	No tasks found for the given dates (API: View Tasks by Custom Dates)
level error: Jul-29-2024 01:46:13 	No tasks found for the given dates (API: View Tasks by Custom Dates)
level error: Jul-29-2024 01:47:52 	No tasks found for the given dates (API: View Tasks by Custom Dates)
level error: Jul-29-2024 01:48:50 	No tasks found for the given dates (API: View Tasks by Custom Dates)
level error: Jul-29-2024 01:49:16 	No tasks found for the given dates (API: View Tasks by Custom Dates)
level info: Jul-29-2024 01:50:05 	Tasks fetched successfully for the given dates (API: View Tasks by Custom Dates)
level error: Jul-29-2024 01:50:22 	No tasks found for the given dates (API: View Tasks by Custom Dates)
level info: Jul-29-2024 01:50:48 	Tasks fetched successfully for the given dates (API: View Tasks by Custom Dates)
level info: Jul-29-2024 01:51:50 	Tasks fetched successfully for the given dates (API: View Tasks by Custom Dates)
level info: Jul-29-2024 01:53:43 	Tasks fetched successfully for the given dates (API: View Tasks by Custom Dates)
level info: Jul-29-2024 02:02:47 	Tasks fetched successfully for the given letter (API: Search Tasks by Letter)
level error: Jul-29-2024 02:02:59 	No tasks found for the given letter (API: Search Tasks by Letter)
level info: Jul-29-2024 02:03:03 	Tasks fetched successfully for the given letter (API: Search Tasks by Letter)
level info: Jul-29-2024 02:05:05 	Task added successfully (API: Create Task)
level info: Jul-29-2024 02:08:17 	Task added successfully (API: Create Task)
level error: Jul-29-2024 02:10:47 	API: Create Task
level error: Jul-29-2024 02:10:47 	Error: moment is not defined
level info: Jul-29-2024 02:11:04 	Task added successfully (API: Create Task)
level info: Jul-29-2024 02:12:51 	Task added successfully (API: Create Task)
level info: Jul-29-2024 02:14:00 	Task added successfully (API: Create Task)
level info: Jul-29-2024 02:16:15 	Task added successfully (API: Create Task)
level info: Aug-07-2024 01:47:47 	Task added successfully (API: Create Task)
